[2021-05-24 15:07:28.786] Starting up round ID .
 - -------------------------
[2021-05-24 15:07:28.800] Running /tg/ revision: 
 - No commit information
[2021-05-24 15:07:28.802] Unable to locate admins backup file.
[2021-05-24 15:07:28.807] runtime error: Admin datum created without a rank
 - 
[2021-05-24 15:07:28.810] runtime error: Admin datum created without a rank
 - 
[2021-05-24 15:07:28.813] runtime error: Admin datum created without a rank
 - 
[2021-05-24 15:07:28.815] Unable to locate admins backup file.
[2021-05-24 15:07:30.018] Initialized Database subsystem within 0 seconds!
[2021-05-24 15:07:30.021] Initialized Blackbox subsystem within 0 seconds!
[2021-05-24 15:07:30.022] Initialized Server Tasks subsystem within 0 seconds!
[2021-05-24 15:07:30.024] Initialized Input subsystem within 0 seconds!
[2021-05-24 15:07:30.045] Initialized Research subsystem within 0 seconds!
[2021-05-24 15:07:30.050] Initialized Events subsystem within 0 seconds!
[2021-05-24 15:07:30.055] Initialized Jobs subsystem within 0 seconds!
[2021-05-24 15:07:30.060] Initialized Quirks subsystem within 0 seconds!
[2021-05-24 15:07:30.078] Initialized Ticker subsystem within 0 seconds!
[2021-05-24 15:07:30.079] Loading Pahrump...
[2021-05-24 15:07:52.517] Loaded Wasteland in 22.5s!
[2021-05-24 15:07:59.539] Loaded Dungeons in 7s!
[2021-05-24 15:08:04.837] Initialized Mapping subsystem within 34.8 seconds!
[2021-05-24 15:08:04.840] Initialized Networks subsystem within 0 seconds!
[2021-05-24 15:08:39.743] Initialized Atoms subsystem within 34.9 seconds!
[2021-05-24 15:08:39.758] Initialized Language subsystem within 0 seconds!
[2021-05-24 15:08:39.782] Initialized Machines subsystem within 0 seconds!
[2021-05-24 15:08:39.834] Initialized Circuit subsystem within 0.1 seconds!
[2021-05-24 15:08:39.838] Initialized Disease subsystem within 0 seconds!
[2021-05-24 15:08:39.840] Initialized Item Spawners subsystem within 0 seconds!
[2021-05-24 15:08:39.841] Initialized Medals subsystem within 0 seconds!
[2021-05-24 15:08:39.842] Initialized Mob Spawners subsystem within 0 seconds!
[2021-05-24 15:08:39.843] Initialized Radiation subsystem within 0 seconds!
[2021-05-24 15:08:39.844] Initialized Day/Night Cycle subsystem within 0 seconds!
[2021-05-24 15:08:39.845] Initialized Night Shift subsystem within 0 seconds!
[2021-05-24 15:08:39.846] Initialized Parallax subsystem within 0 seconds!
[2021-05-24 15:08:41.888] Initialized Bot Comms subsystem within 2 seconds!
[2021-05-24 15:08:42.098] Initialized Traumas subsystem within 0.2 seconds!
[2021-05-24 15:08:42.103] Initialized Weather subsystem within 0 seconds!
[2021-05-24 15:08:47.180] Initialized Atmospherics subsystem within 5 seconds!
[2021-05-24 15:08:55.438] runtime error: Invalid icon state, icon=icons/obj/guns/projectile.dmi, icon_state="M38"([0x600812d]), icon_states="revolver"([0x600516c]), "mateba"([0x6007fea]), "detective"([0x6000c27]), "detective_fitz"([0x6030112]), "detective_police"([0x6030147]), "detective_blued"([0x6030113]), "detective_stainless"([0x602ff11]), "detective_leopard"([0x6007fe1]), "detective_panther"([0x6007fe3]), "detective_gold"([0x6007fe5]), "detective_peacemaker"([0x6007fe7]), "shotgun"([0x60060e8]), "cshotgun"([0x6007eb0]), "cshotgunc"([0x6008082]), "riotshotgun"([0x600806f]), "riotshotgun-sawn"([0x6030148]), "dshotgun"([0x6007ffa]), "dshotgun-sawn"([0x6007fd1]), "saber"([0x6008105]), "saber-e"([0x602b9d3]), "saber-21"([0x6030149]), "saber-21-e"([0x603014a]), "saber-suppressed"([0x603014b]), "saber-e-suppressed"([0x603014c]), "saber-21-suppressed"([0x603014d]), "saber-21-e-suppressed"([0x6030060]), "chemsprayer"([0x6009ca7]), "c20r"([0x6007f63]), "c20r-e"([0x6030061]), "c20r-24"([0x6030062]), "c20r-20"([0x6030073]), "c20r-16"([0x6030156]), "c20r-12"([0x6030157]), "c20r-8"([0x6030158]), "c20r-4"([0x6030159]), "c20r-0"([0x603015a]), "c20r-0-e"([0x603015c]), "c20r-suppressed"([0x603015d]), "c20r-e-suppressed"([0x602ff26]), "c20r-24-suppressed"([0x603013c]), "c20r-20-suppressed"([0x603013d]), "c20r-16-suppressed"([0x603013e]), "c20r-12-suppressed"([0x602fff6]), "c20r-8-suppressed"([0x602fff7]), "c20r-4-suppressed"([0x602feeb]), "c20r-0-suppressed"([0x602feed]), "c20r-0-e-suppressed"([0x602ff98]), "riotgun"([0x6008273]), "gyropistol"([0x60081a6]), "gyropistolloaded"([0x602ff99]), "l6closed-empty"([0x60300a4]), "l6closed100"([0x6008123]), "l6closed75"([0x60300a5]), "l6closed50"([0x602ff72]), "l6closed25"([0x6030040]), "l6closed0"([0x6007f80]), "l6open-empty"([0x602fff1]), "l6open100"([0x602ff74]), "l6open75"([0x602fef5]), "l6open50"([0x602fef6]), "l6open25"([0x603014f]), "l6open0"([0x6030150]), "pistol"([0x60080ce]), "pistol-e"([0x6030151]), "pistol-suppressed"([0x602fef0]), "pistol-e-suppressed"([0x6030075]), "suppressor"([0x600612a]), "tommygun-50"([0x602ff24]), "tommygun-50-e"([0x602ff94]), "tommygun"([0x6008145]), "tommygun-30"([0x602fee3]), "tommygun-30-e"([0x602fee4]), "tommygun-e"([0x602fef1]), "bulldog"([0x6008117]), "bulldog-e"([0x602fe6c]), "m12gb-8"([0x602fe6d]), "m12gb-0"([0x602ff9e]), "m12gs-8"([0x6030056]), "m12gs-0"([0x60300ad]), "m12gbc-8"([0x603005e]), "m12gbc-0"([0x60300af]), "ishotgun-sawn"([0x60300b0]), "ishotgun"([0x6008007]), "ishotgunsling"([0x602ff1f]), "m1911"([0x6007f50]), "m1911-e"([0x6028dee]), "sabersemi"([0x602ff62]), "saberburst"([0x602a67b]), "c20rsemi"([0x602ff20]), "c20rburst"([0x602fe55]), "tommygunsemi"([0x602ff91]), "tommygunburst"([0x602ff21]), "bulldogsemi"([0x602fefa]), "bulldogburst"([0x602fefe]), "m90-e"([0x602feff]), "m90"([0x600810e]), "m90semi"([0x6030011]), "m90burst"([0x6030012]), "m90gren"([0x6030013]), "speargun"([0x60081a9]), "syringegun"([0x600828a]), "rapidsyringegun"([0x6008292]), "dshotgun-d"([0x6007ffe]), "dshotgun-f"([0x6007fff]), "dshotgun-g"([0x6008001]), "dshotgun-l"([0x6008002]), "dshotgun-p"([0x6008004]), "dshotgun-d-sawn"([0x6030014]), "dshotgun-f-sawn"([0x6030015]), "dshotgun-g-sawn"([0x602fea4]), "dshotgun-l-sawn"([0x602fea5]), "dshotgun-p-sawn"([0x602fea8]), "arg-e"([0x602a1dc]), "arg-20"([0x602ff0c]), "arg-20-e"([0x602fec6]), "arg-50"([0x602fec7]), "arg-50-e"([0x602fec8]), "arg"([0x60080fb]), "m12gt-8"([0x602ff8d]), "m12gt-0"([0x602ff43]), "oldrifle"([0x60080fa]), "oldrifle-e"([0x602ff44]), "oldrifle-32"([0x602ff8e]), "oldrifle-32-e"([0x6030077]), "oldrifle-20"([0x600cd0c]), "oldrifle-16"([0x6030078]), "oldrifle-12"([0x60300b3]), "oldrifle-8"([0x602fff9]), "oldrifle-4"([0x602ffe1]), "oldrifle-0"([0x6030079]), "syringe_pistol"([0x6008295]), "wt550"([0x600810b]), "wt550-20"([0x602ff3a]), "wt550-16"([0x602ff3b]), "wt550-12"([0x602ff00]), "wt550-8"([0x602ff3c]), "wt550-4"([0x602ff36]), "wt550-0"([0x602ff34]), "secpistol"([0x603007a]), "goldrevolver"([0x6007fed]), "nagant"([0x602ff6f]), "nagant-suppressed"([0x602ff71]), "cycler"([0x6008085]), "flatgun"([0x60080da]), "bow_unloaded"([0x602fef8]), "bow_loaded"([0x602fef9]), "bow_firing"([0x602fefb]), "bow_hardlight_unloaded"([0x6030167]), "bow_hardlight_loaded"([0x6030168]), "bow_hardlight_firing"([0x6030169]), "arcane_barrage"([0x60016c1]), "rocketlauncher"([0x60081ae]), "rocketlauncher-1"([0x603016a]), "rocketlauncher-0"([0x603016b]), "deagle_magazine"([0x60080c6]), "deagle"([0x60080c5]), "deagle-e"([0x60297fb]), "deagleg"([0x60080c9]), "deagleg-e"([0x603016c]), "deaglecamo"([0x60080cb]), "deaglecamo-e"([0x603016d]), "empty_blastcannon"([0x6008260]), "loaded_blastcannon"([0x6008261]), "chemgun"([0x600826a]), "marksman_rifle"([0x600815f]), "marksman_rifle-e"([0x603016e]), "marksman_rifle-10"([0x603016f]), "marksman_rifle-10-e"([0x6030170]), "marksman_rifle-20"([0x6030171]), "marksman_rifle-20-e"([0x6030172]), "marksman_rifle-30"([0x602ff4f]), "marksman_rifle-30-e"([0x603005b]), "marksman_rifle-50"([0x602ff50]), "marksman_rifle-50-e"([0x602feb8]), "smg10mm"([0x600814b]), "smg10mm-e"([0x6028c46]), "smg10mm-24"([0x60295fd]), "smg10mm-24-e"([0x602ff51]), "grease_gun"([0x6008179]), "grease_gun-e"([0x6028fcf]), "grease_gun-30"([0x602ff52]), "grease_gun-30-e"([0x6030009]), "pancor"([0x600811a]), "pancor-e"([0x602ff57]), "pancor-12"([0x602ffb5]), "pancor-12-e"([0x602ffb6]), "caws"([0x600811d]), "caws-e"([0x602ffb7]), "caws-12"([0x602ffb8]), "caws-12-e"([0x602ffb9]), "bozar"([0x600817e]), "bozar-e"([0x602ffba]), "bozar-10"([0x602ffbb]), "bozar-10-e"([0x602ffbc]), "bozar-20"([0x602ffbd]), "bozar-20-e"([0x602ffbe]), "bozar-30"([0x6030123]), "bozar-30-e"([0x6030033]), "bozar-50"([0x6030034]), "bozar-50-e"([0x602fee6]), "pipe_rifle"([0x6008042]), "zipgun"([0x600803f]), "thatgun"([0x6008048]), "colt6250"([0x6008036]), "sequoia"([0x6008039]), "needler"([0x6008031]), "citykiller"([0x600807e]), "scopedbrushgun"([0x600809a]), "trenchgun"([0x600809f]), "brushgun"([0x6008098]), "scopedtrailcarbine"([0x600808f]), "trailcarbine"([0x600808d]), "scopedcowboyrepeater"([0x6008095]), "cowboyrepeater"([0x6008092]), "ninemil"([0x60080ea]), "ninemil-e"([0x6028f54]), "colt357"([0x6008028]), "handmade_rifle"([0x600815c]), "handmade_rifle-e"([0x603006f]), "rangemaster"([0x6008197]), "rangemaster-e"([0x603004d]), "rangemaster-20"([0x602feec]), "rangemaster-20-e"([0x60300b4]), "rangemaster-10"([0x60300b5]), "rangemaster-10-e"([0x60300b6]), "rangemaster_scoped"([0x60300b7]), "rangemaster_scoped-e"([0x60300b8]), "rangemaster_scoped-20"([0x60300b9]), "rangemaster_scoped-20-e"([0x60300ba]), "rangemaster_scoped-10"([0x60300bc]), "rangemaster_scoped-10-e"([0x60300bd]), "single_shotgun-sawn"([0x602ffd5]), "single_shotgun"([0x6008055]), "hunting"([0x60080a3]), "hunting-sawn"([0x6030042]), "mysterious_m29"([0x6008018]), "m29"([0x6008016]), "scoped_m29"([0x6008021]), "hunting_revolver"([0x600803c]), "hunting_revolverscopeless"([0x6030043]), "police"([0x6008045]), "m29_snub"([0x6008025]), "rifle308_scope-sawn"([0x6030044]), "rifle308_scope"([0x60080aa]), "308-sawn"([0x6030045]), "308"([0x60080a6]), "m72"([0x6008181]), "m72-e"([0x602a338]), "m72-10"([0x6030046]), "m72-10-e"([0x602fe78]), "caravan_shotgun-sawn"([0x6030047]), "caravan_shotgun"([0x6008052]), "service_rifle-e"([0x6029c75]), "service_rifle-10-e"([0x602ff64]), "service_rifle-10"([0x602feef]), "service_rifle-20-e"([0x602ffa6]), "service_rifle-20"([0x602ffa7]), "service_rifle-30-e"([0x6030063]), "service_rifle-30"([0x602ff73]), "service_rifle-50-e"([0x602fef4]), "service_rifle-50"([0x6030064]), "service_rifle"([0x6008169]), "infiltrator-10-e-suppressed"([0x602ff84]), "infiltrator-10-suppressed"([0x602ff85]), "infiltrator-suppressed"([0x6030065]), "infiltrator"([0x600036a]), "infiltrator-20-e-suppressed"([0x602ff86]), "infiltrator-20-suppressed"([0x602ff56]), "infiltrator-e-suppressed"([0x602ff87]), "infiltrator-30-e-suppressed"([0x602fe72]), "infiltrator-30-suppressed"([0x602ff88]), "infiltrator-50-e-suppressed"([0x602ff89]), "infiltrator-50-suppressed"([0x602ff0b]), "assault_rifle-10-e"([0x60300c5]), "assault_rifle-10"([0x602ff27]), "assault_rifle"([0x6008153]), "assault_rifle-e"([0x602fe88]), "assault_rifle-20-e"([0x6030048]), "assault_rifle-20"([0x6030072]), "assault_rifle-30-e"([0x602ff82]), "assault_rifle-30"([0x602fe81]), "assault_rifle-50-e"([0x602ff2c]), "assault_rifle-50"([0x602ff83]), "surplus"([0x60042af]), "surplus-e"([0x6008138]), "mini-uzi-32-suppressed"([0x6030006]), "mini-uzi-32-e"([0x6030049]), "mini-uzi-32-e-suppressed"([0x60300a0]), "mini-uzi-e"([0x6029c0d]), "mini-uzi"([0x600813b]), "mini-uzi-32"([0x60300a1]), "mini-uzi-e-suppressed"([0x602ffbf]), "mini-uzi-suppressed"([0x602ffc0]), "aps"([0x60080d7]), "aps-e"([0x602ffc1]), "crossbow-loaded"([0x602ffc2]), "crossbow"([0x6005138]), "crossbow-cocked"([0x602ffc3]), "n99"([0x60080df]), "n99-e"([0x6029455]), "n99-suppressed"([0x602ffc4]), "n99-e-suppressed"([0x602ffc5]), "moistnugget"([0x6008063]), "sniper-mag"([0x60080bb]), "rat_slayer"([0x6008174]), "rat_slayer-e"([0x602fe8a]), "rat_slayer-10"([0x602fe8b]), "rat_slayer-10-e"([0x602fe8c]), "rat_slayer-20-e"([0x602fe8d]), "rat_slayer-20"([0x602ffc6]), "rat_slayer-30-e"([0x602ffc7]), "rat_slayer-30"([0x602fe8e]), "rat_slayer-50-e"([0x602fe8f]), "rat_slayer-50"([0x602fea6]), "varmint_rifle"([0x6008171]), "varmint_rifle-50"([0x602fea7]), "varmint_rifle-20-e"([0x602ffc8]), "varmint_rifle-20"([0x602ffc9]), "varmint_rifle-30"([0x602ffca]), "varmint_rifle-50-e"([0x602ffcb]), "varmint_rifle-e"([0x60299b5]), "varmint_rifle-10-e"([0x602ffcc]), "varmint_rifle-10"([0x602ffcd]), "sniper"([0x60080bc]), "R82"([0x600816e]), "R82-10"([0x602ffce]), "R82-10-e"([0x602ffcf]), "R82-20-e"([0x60300cc]), "R82-20"([0x60300cd]), "R82-30-e"([0x602fe90]), "R82-30"([0x602fe91]), "R82-50"([0x602fe92]), "R82-50-e"([0x602fe99]), "R82-e"([0x602fe9a]), "R84-60"([0x602fe9b]), "R84"([0x6008186]), "R84-60-e"([0x602fe9c]), "R84-e"([0x602fe9d]), "M38closed80"([0x602fe9e]), "M38closed60"([0x602fe9f]), "M38closed40"([0x602fea0]), "M38closed20"([0x602fea1]), "M38closed0"([0x602fea2]), "M38open80"([0x602fea3]), "M38open60"([0x60300d1]), "M38open40"([0x60300d3]), "M38open20"([0x60300d4]), "M38open0"([0x60300d5]), "M38open-empty"([0x60300d6]), "M38closed-empty"([0x60300d7]), "sniper_rifle"([0x6008163]), "sniper_rifle-7"([0x60300d8]), "sniper_rifle-7-e"([0x60300d9]), "sniper_rifle-e"([0x60300da]), "assault_carbine"([0x6008150]), "assault_carbine-e"([0x60300db]), "assault_carbine-10"([0x60300dc]), "assault_carbine-10-e"([0x60300dd]), "assault_carbine-20"([0x60300de]), "assault_carbine-20-e"([0x60300df]), "assault_carbine-30"([0x60300e0]), "assault_carbine-30-e"([0x60300e1]), "assault_carbine-50"([0x60300e2]), "assault_carbine-50-e"([0x60300e3]), "riot_shotgun"([0x6008120]), "riot_shotgun-12"([0x60300e4]), "riot_shotgun-12-e"([0x60300e5]), "riot_shotgun-e"([0x6028b28]), "m1garand"([0x600818c]), "oldglory"([0x6008191]), "widowmaker"([0x600804e]), "widowmaker-sawn"([0x60300e6]), "fnfal"([0x6008154]), "fnfal-e"([0x60300e7]), "fnfal-10"([0x60300e8]), "fnfal-10-e"([0x60300e9]), "fnfal-20"([0x60300ea]), "fnfal-20-e"([0x60300eb]), "maria-e"([0x60300ec]), "maria"([0x60080ed]), "lucky"([0x600802b]), "paciencia"([0x60080af]), "executive"([0x60080e7]), "executive-e"([0x60300ed]), "executive-suppressed"([0x60300ee]), "executive-e-suppressed"([0x60300ef]), "gold_sniper"([0x6008166]), "gold_sniper-7"([0x60300f0]), "gold_sniper-7-e"([0x60300f1]), "gold_sniper-e"([0x6029b5f]), "m29peace"([0x600801e]), "c96"([0x60080f7]), "c96-e"([0x60300f2]), "zhurong"([0x600804b]), "type93"([0x600815b]), "type93-e"([0x6028bbb]), "type93-10"([0x60300f3]), "type93-10-e"([0x60300f4]), "type93-20"([0x60300f5]), "type93-20-e"([0x60300f6]), "type93-30"([0x60300f7]), "type93-30-e"([0x60300f8]), "type93-50"([0x60300f9]), "type93-50-e"([0x60300fa]), "tribalbow"([0x60081b1]), "bb_gun"([0x6008076]), "las_musket"([0x6008079]), "coltwalker"([0x600801b]), "auto_pipe_rifle-24"([0x60300fb]), "auto_pipe_rifle-e"([0x60300fc]), "auto_pipe_rifle-24-e"([0x60300fd]), "auto_pipe_rifle"([0x6008148]), "1851enfield"([0x6008073]), "kar98"([0x60080b5]), "kar98-e"([0x60300fe]), "kar98scope"([0x60080b8]), "kar98scope-e"([0x60300ff]), "mg34"([0x6008189]), "mg34-e"([0x6030100]), "mg34-60"([0x6030101]), "pps-71"([0x6030102]), "pps-e"([0x6030103]), "pps"([0x6008140]), "mg34-60-e"([0x6030104]), "pps-71-e"([0x6030105]), "republics_pride"([0x6008194]), "ultraneedler"([0x6008034]), "judge"([0x600802e]), "beretta"([0x60080f2]), "beretta-e"([0x6028abc]), "p90"([0x60081a0]), "p90-e"([0x6030106]), "p90-50"([0x6030107]), "p90-50-e"([0x6030108]), "sig"([0x6001549]), "sig-e"([0x602a14e]), "ultraneedle"([0x60080b2]), "m1carbine"([0x60081a3]), "m1carbine-e"([0x6029267]), "m1carbine-12"([0x6030109]), "m1carbine-12-e"([0x603010a]), "trenchgun-axe"([0x60080a2]), "mk23"([0x60080d4]), "mk23-e"([0x60293a9])
 - proc name: stack trace (/datum/proc/stack_trace)
 -   source file: unsorted.dm,1233
 -   usr: null
 -   src: loadout (/datum/asset/spritesheet/loadout)
 -   call stack:
 - loadout (/datum/asset/spritesheet/loadout): stack trace("Invalid icon state, icon=icons...")
 - loadout (/datum/asset/spritesheet/loadout): register()
 - loadout (/datum/asset/spritesheet/loadout): New()
 - get asset datum(/datum/asset/spritesheet/loado... (/datum/asset/spritesheet/loadout))
 - Assets (/datum/controller/subsystem/assets): Initialize(545271)
 - Master (/datum/controller/master): Initialize(10, 0)
 - 
[2021-05-24 15:08:56.730] Initialized Assets subsystem within 9.6 seconds!
[2021-05-24 15:09:04.255] Initialized Icon Smoothing subsystem within 7.5 seconds!
[2021-05-24 15:09:05.616] Initialized Overlay subsystem within 1.4 seconds!
[2021-05-24 15:09:05.619] Initialized XKeyScore subsystem within 0 seconds!
[2021-05-24 15:09:05.622] Initialized Sticky Ban subsystem within 0 seconds!
[2021-05-24 15:09:23.815] Initialized Lighting subsystem within 18.2 seconds!
[2021-05-24 15:09:25.546] Initialized Shuttle subsystem within 1.7 seconds!
[2021-05-24 15:09:25.548] Initialized Squeak subsystem within 0 seconds!
[2021-05-24 15:09:25.550] Initialized Pathfinder subsystem within 0 seconds!
[2021-05-24 15:09:25.765] Initialized Persistence subsystem within 0.2 seconds!
[2021-05-24 15:09:25.768] Initializations complete within 115.7 seconds!
[2021-05-24 15:12:02.771] Starting up round ID .
 - -------------------------
[2021-05-24 15:12:02.892] Running /tg/ revision: 
 - No commit information
[2021-05-24 15:12:03.034] Unable to locate admins backup file.
[2021-05-24 15:12:03.048] Unable to locate admins backup file.
[2021-05-24 15:12:04.037] Initialized Database subsystem within 0 seconds!
[2021-05-24 15:12:04.039] Initialized Blackbox subsystem within 0 seconds!
[2021-05-24 15:12:04.041] Initialized Server Tasks subsystem within 0 seconds!
[2021-05-24 15:12:04.042] Initialized Input subsystem within 0 seconds!
[2021-05-24 15:12:04.067] Initialized Research subsystem within 0 seconds!
[2021-05-24 15:12:04.072] Initialized Events subsystem within 0 seconds!
[2021-05-24 15:12:04.078] Initialized Jobs subsystem within 0 seconds!
[2021-05-24 15:12:04.081] Initialized Quirks subsystem within 0 seconds!
[2021-05-24 15:12:04.125] Initialized Ticker subsystem within 0.1 seconds!
[2021-05-24 15:12:04.130] Loading Pahrump...
[2021-05-24 15:12:27.723] Loaded Wasteland in 23.6s!
[2021-05-24 15:12:35.181] Loaded Dungeons in 7.4s!
[2021-05-24 15:12:40.061] Initialized Mapping subsystem within 35.9 seconds!
[2021-05-24 15:12:40.066] Initialized Networks subsystem within 0 seconds!
[2021-05-24 15:13:16.887] Initialized Atoms subsystem within 36.8 seconds!
[2021-05-24 15:13:16.904] Initialized Language subsystem within 0.1 seconds!
[2021-05-24 15:13:16.929] Initialized Machines subsystem within 0 seconds!
[2021-05-24 15:13:16.982] Initialized Circuit subsystem within 0 seconds!
[2021-05-24 15:13:16.986] Initialized Disease subsystem within 0 seconds!
[2021-05-24 15:13:16.987] Initialized Item Spawners subsystem within 0 seconds!
[2021-05-24 15:13:16.988] Initialized Medals subsystem within 0 seconds!
[2021-05-24 15:13:16.991] Initialized Mob Spawners subsystem within 0 seconds!
[2021-05-24 15:13:16.994] Initialized Radiation subsystem within 0 seconds!
[2021-05-24 15:13:16.995] Initialized Day/Night Cycle subsystem within 0 seconds!
[2021-05-24 15:13:16.996] Initialized Night Shift subsystem within 0 seconds!
[2021-05-24 15:13:16.997] Initialized Parallax subsystem within 0 seconds!
[2021-05-24 15:13:19.040] Initialized Bot Comms subsystem within 2 seconds!
[2021-05-24 15:13:19.254] Initialized Traumas subsystem within 0.2 seconds!
[2021-05-24 15:13:19.259] Initialized Weather subsystem within 0 seconds!
[2021-05-24 15:13:26.371] Initialized Atmospherics subsystem within 7.1 seconds!
[2021-05-24 15:13:36.900] runtime error: Invalid icon state, icon=icons/obj/guns/projectile.dmi, icon_state="M38"([0x600812d]), icon_states="revolver"([0x600516c]), "mateba"([0x6007fea]), "detective"([0x6000c27]), "detective_fitz"([0x60300da]), "detective_police"([0x6030119]), "detective_blued"([0x60300db]), "detective_stainless"([0x60300ec]), "detective_leopard"([0x6007fe1]), "detective_panther"([0x6007fe3]), "detective_gold"([0x6007fe5]), "detective_peacemaker"([0x6007fe7]), "shotgun"([0x60060e8]), "cshotgun"([0x6007eb0]), "cshotgunc"([0x6008082]), "riotshotgun"([0x600806f]), "riotshotgun-sawn"([0x603011a]), "dshotgun"([0x6007ffa]), "dshotgun-sawn"([0x6007fd1]), "saber"([0x6008105]), "saber-e"([0x602a635]), "saber-21"([0x603011b]), "saber-21-e"([0x603011c]), "saber-suppressed"([0x603011d]), "saber-e-suppressed"([0x603011e]), "saber-21-suppressed"([0x603011f]), "saber-21-e-suppressed"([0x6030120]), "chemsprayer"([0x6009ca7]), "c20r"([0x6007f63]), "c20r-e"([0x6030121]), "c20r-24"([0x6030122]), "c20r-20"([0x6030123]), "c20r-16"([0x6030125]), "c20r-12"([0x6030126]), "c20r-8"([0x6030127]), "c20r-4"([0x6030128]), "c20r-0"([0x6030131]), "c20r-0-e"([0x6030133]), "c20r-suppressed"([0x6030134]), "c20r-e-suppressed"([0x6030026]), "c20r-24-suppressed"([0x602fe56]), "c20r-20-suppressed"([0x602fe57]), "c20r-16-suppressed"([0x60300ae]), "c20r-12-suppressed"([0x6030113]), "c20r-8-suppressed"([0x6030114]), "c20r-4-suppressed"([0x6030115]), "c20r-0-suppressed"([0x6030116]), "c20r-0-e-suppressed"([0x6030117]), "riotgun"([0x6008273]), "gyropistol"([0x60081a6]), "gyropistolloaded"([0x6030099]), "l6closed-empty"([0x602fe66]), "l6closed100"([0x6008123]), "l6closed75"([0x602ff65]), "l6closed50"([0x602ff66]), "l6closed25"([0x603009c]), "l6closed0"([0x6007f80]), "l6open-empty"([0x602ffc3]), "l6open100"([0x602ffc9]), "l6open75"([0x602ffc4]), "l6open50"([0x602ffc5]), "l6open25"([0x6030011]), "l6open0"([0x602fef0]), "pistol"([0x60080ce]), "pistol-e"([0x602fefe]), "pistol-suppressed"([0x603012a]), "pistol-e-suppressed"([0x603012b]), "suppressor"([0x600612a]), "tommygun-50"([0x603012c]), "tommygun-50-e"([0x603012d]), "tommygun"([0x6008145]), "tommygun-30"([0x603012e]), "tommygun-30-e"([0x603012f]), "tommygun-e"([0x602afc0]), "bulldog"([0x6008117]), "bulldog-e"([0x6030130]), "m12gb-8"([0x602ff6c]), "m12gb-0"([0x602ff6d]), "m12gs-8"([0x602fec2]), "m12gs-0"([0x602fec4]), "m12gbc-8"([0x6030044]), "m12gbc-0"([0x602fec5]), "ishotgun-sawn"([0x602ffc1]), "ishotgun"([0x6008007]), "ishotgunsling"([0x602fe55]), "m1911"([0x6007f50]), "m1911-e"([0x6028fb1]), "sabersemi"([0x60300fc]), "saberburst"([0x602b322]), "c20rsemi"([0x60300fd]), "c20rburst"([0x602ff68]), "tommygunsemi"([0x602ff69]), "tommygunburst"([0x602bc84]), "bulldogsemi"([0x602ff7f]), "bulldogburst"([0x602fe6f]), "m90-e"([0x602fe77]), "m90"([0x600810e]), "m90semi"([0x6030086]), "m90burst"([0x603002e]), "m90gren"([0x603004f]), "speargun"([0x60081a9]), "syringegun"([0x600828a]), "rapidsyringegun"([0x6008292]), "dshotgun-d"([0x6007ffe]), "dshotgun-f"([0x6007fff]), "dshotgun-g"([0x6008001]), "dshotgun-l"([0x6008002]), "dshotgun-p"([0x6008004]), "dshotgun-d-sawn"([0x6030050]), "dshotgun-f-sawn"([0x6030051]), "dshotgun-g-sawn"([0x602fed0]), "dshotgun-l-sawn"([0x602fed1]), "dshotgun-p-sawn"([0x602fed2]), "arg-e"([0x6029f49]), "arg-20"([0x602fed3]), "arg-20-e"([0x602fed4]), "arg-50"([0x602ff35]), "arg-50-e"([0x602fe7d]), "arg"([0x60080fb]), "m12gt-8"([0x602fe7f]), "m12gt-0"([0x602fe80]), "oldrifle"([0x60080fa]), "oldrifle-e"([0x6030037]), "oldrifle-32"([0x602fe7b]), "oldrifle-32-e"([0x602ff04]), "oldrifle-20"([0x600cd0c]), "oldrifle-16"([0x6030038]), "oldrifle-12"([0x602ffcc]), "oldrifle-8"([0x602ffce]), "oldrifle-4"([0x602ff05]), "oldrifle-0"([0x602fe82]), "syringe_pistol"([0x6008295]), "wt550"([0x600810b]), "wt550-20"([0x602fe85]), "wt550-16"([0x602ffd8]), "wt550-12"([0x602fe70]), "wt550-8"([0x602ffc6]), "wt550-4"([0x602ffdc]), "wt550-0"([0x6030006]), "secpistol"([0x602feca]), "goldrevolver"([0x6007fed]), "nagant"([0x6030036]), "nagant-suppressed"([0x602ffd9]), "cycler"([0x6008085]), "flatgun"([0x60080da]), "bow_unloaded"([0x602fedd]), "bow_loaded"([0x602fe60]), "bow_firing"([0x602fe61]), "bow_hardlight_unloaded"([0x602fe67]), "bow_hardlight_loaded"([0x602fede]), "bow_hardlight_firing"([0x603013e]), "arcane_barrage"([0x60016c1]), "rocketlauncher"([0x60081ae]), "rocketlauncher-1"([0x603013f]), "rocketlauncher-0"([0x6030140]), "deagle_magazine"([0x60080c6]), "deagle"([0x60080c5]), "deagle-e"([0x6028b4c]), "deagleg"([0x60080c9]), "deagleg-e"([0x6030141]), "deaglecamo"([0x60080cb]), "deaglecamo-e"([0x6030142]), "empty_blastcannon"([0x6008260]), "loaded_blastcannon"([0x6008261]), "chemgun"([0x600826a]), "marksman_rifle"([0x600815f]), "marksman_rifle-e"([0x602984f]), "marksman_rifle-10"([0x6030143]), "marksman_rifle-10-e"([0x6030144]), "marksman_rifle-20"([0x6030145]), "marksman_rifle-20-e"([0x6030146]), "marksman_rifle-30"([0x6030147]), "marksman_rifle-30-e"([0x6030148]), "marksman_rifle-50"([0x6030149]), "marksman_rifle-50-e"([0x603014a]), "smg10mm"([0x600814b]), "smg10mm-e"([0x6029b04]), "smg10mm-24"([0x6028e0c]), "smg10mm-24-e"([0x603014b]), "grease_gun"([0x6008179]), "grease_gun-e"([0x6028f34]), "grease_gun-30"([0x603014c]), "grease_gun-30-e"([0x603014d]), "pancor"([0x600811a]), "pancor-e"([0x603014e]), "pancor-12"([0x602ff08]), "pancor-12-e"([0x603001d]), "caws"([0x600811d]), "caws-e"([0x602ff10]), "caws-12"([0x602ffb0]), "caws-12-e"([0x602ff11]), "bozar"([0x600817e]), "bozar-e"([0x602ff12]), "bozar-10"([0x602ffb1]), "bozar-10-e"([0x602feed]), "bozar-20"([0x602ff17]), "bozar-20-e"([0x602ff18]), "bozar-30"([0x602ff19]), "bozar-30-e"([0x602ff1a]), "bozar-50"([0x602ff1b]), "bozar-50-e"([0x602ff1c]), "pipe_rifle"([0x6008042]), "zipgun"([0x600803f]), "thatgun"([0x6008048]), "colt6250"([0x6008036]), "sequoia"([0x6008039]), "needler"([0x6008031]), "citykiller"([0x600807e]), "scopedbrushgun"([0x600809a]), "trenchgun"([0x600809f]), "brushgun"([0x6008098]), "scopedtrailcarbine"([0x600808f]), "trailcarbine"([0x600808d]), "scopedcowboyrepeater"([0x6008095]), "cowboyrepeater"([0x6008092]), "ninemil"([0x60080ea]), "ninemil-e"([0x6029cab]), "colt357"([0x6008028]), "handmade_rifle"([0x600815c]), "handmade_rifle-e"([0x602ff1d]), "rangemaster"([0x6008197]), "rangemaster-e"([0x602ff1e]), "rangemaster-20"([0x602ff1f]), "rangemaster-20-e"([0x602ff20]), "rangemaster-10"([0x602fef2]), "rangemaster-10-e"([0x602fef3]), "rangemaster_scoped"([0x602fff0]), "rangemaster_scoped-e"([0x602fef4]), "rangemaster_scoped-20"([0x603003e]), "rangemaster_scoped-20-e"([0x602ffaf]), "rangemaster_scoped-10"([0x602feff]), "rangemaster_scoped-10-e"([0x6030074]), "single_shotgun-sawn"([0x6030075]), "single_shotgun"([0x6008055]), "hunting"([0x60080a3]), "hunting-sawn"([0x6030076]), "mysterious_m29"([0x6008018]), "m29"([0x6008016]), "scoped_m29"([0x6008021]), "hunting_revolver"([0x600803c]), "hunting_revolverscopeless"([0x6030077]), "police"([0x6008045]), "m29_snub"([0x6008025]), "rifle308_scope-sawn"([0x6030078]), "rifle308_scope"([0x60080aa]), "308-sawn"([0x603007f]), "308"([0x60080a6]), "m72"([0x6008181]), "m72-e"([0x602a427]), "m72-10"([0x6030080]), "m72-10-e"([0x6030088]), "caravan_shotgun-sawn"([0x6030089]), "caravan_shotgun"([0x6008052]), "service_rifle-e"([0x6029b36]), "service_rifle-10-e"([0x602ffae]), "service_rifle-10"([0x6030012]), "service_rifle-20-e"([0x6030013]), "service_rifle-20"([0x6030014]), "service_rifle-30-e"([0x6030015]), "service_rifle-30"([0x6030016]), "service_rifle-50-e"([0x602fe5a]), "service_rifle-50"([0x6030017]), "service_rifle"([0x6008169]), "infiltrator-10-e-suppressed"([0x602fff4]), "infiltrator-10-suppressed"([0x602ff3b]), "infiltrator-suppressed"([0x602fe63]), "infiltrator"([0x600036a]), "infiltrator-20-e-suppressed"([0x602fe64]), "infiltrator-20-suppressed"([0x6030033]), "infiltrator-e-suppressed"([0x602a32a]), "infiltrator-30-e-suppressed"([0x602ffee]), "infiltrator-30-suppressed"([0x602ff4c]), "infiltrator-50-e-suppressed"([0x6030034]), "infiltrator-50-suppressed"([0x602ff5f]), "assault_rifle-10-e"([0x602ff60]), "assault_rifle-10"([0x6030035]), "assault_rifle"([0x6008153]), "assault_rifle-e"([0x6028daf]), "assault_rifle-20-e"([0x602ff61]), "assault_rifle-20"([0x602feec]), "assault_rifle-30-e"([0x602ff62]), "assault_rifle-30"([0x6030027]), "assault_rifle-50-e"([0x602ff63]), "assault_rifle-50"([0x602ff64]), "surplus"([0x60042af]), "surplus-e"([0x6008138]), "mini-uzi-32-suppressed"([0x602fedf]), "mini-uzi-32-e"([0x603001c]), "mini-uzi-32-e-suppressed"([0x603001f]), "mini-uzi-e"([0x6028b2a]), "mini-uzi"([0x600813b]), "mini-uzi-32"([0x602ffac]), "mini-uzi-e-suppressed"([0x602ffcb]), "mini-uzi-suppressed"([0x602fec3]), "aps"([0x60080d7]), "aps-e"([0x602ff5d]), "crossbow-loaded"([0x602fec7]), "crossbow"([0x6005138]), "crossbow-cocked"([0x602ff79]), "n99"([0x60080df]), "n99-e"([0x6028c4f]), "n99-suppressed"([0x602ff5e]), "n99-e-suppressed"([0x6030018]), "moistnugget"([0x6008063]), "sniper-mag"([0x60080bb]), "rat_slayer"([0x6008174]), "rat_slayer-e"([0x6030019]), "rat_slayer-10"([0x603006c]), "rat_slayer-10-e"([0x603006d]), "rat_slayer-20-e"([0x602ff21]), "rat_slayer-20"([0x602ff22]), "rat_slayer-30-e"([0x602ff23]), "rat_slayer-30"([0x602ff24]), "rat_slayer-50-e"([0x602ff25]), "rat_slayer-50"([0x602ff26]), "varmint_rifle"([0x6008171]), "varmint_rifle-50"([0x602ff27]), "varmint_rifle-20-e"([0x602ff28]), "varmint_rifle-20"([0x602ff29]), "varmint_rifle-30"([0x602ff2a]), "varmint_rifle-50-e"([0x602ff2b]), "varmint_rifle-e"([0x6028e8f]), "varmint_rifle-10-e"([0x602ff2c]), "varmint_rifle-10"([0x602ff2d]), "sniper"([0x60080bc]), "R82"([0x600816e]), "R82-10"([0x602ff2e]), "R82-10-e"([0x602ff2f]), "R82-20-e"([0x602ff30]), "R82-20"([0x602ff31]), "R82-30-e"([0x602ff32]), "R82-30"([0x602ff33]), "R82-50"([0x602ff8c]), "R82-50-e"([0x602ff8d]), "R82-e"([0x602ff8e]), "R84-60"([0x602ff8f]), "R84"([0x6008186]), "R84-60-e"([0x602ff90]), "R84-e"([0x602ff91]), "M38closed80"([0x602ff92]), "M38closed60"([0x602ff93]), "M38closed40"([0x602ff94]), "M38closed20"([0x602ff95]), "M38closed0"([0x602ff96]), "M38open80"([0x602ff97]), "M38open60"([0x602ff98]), "M38open40"([0x602ff99]), "M38open20"([0x602ff9a]), "M38open0"([0x602ff9b]), "M38open-empty"([0x602ff9c]), "M38closed-empty"([0x602ff9d]), "sniper_rifle"([0x6008163]), "sniper_rifle-7"([0x602ff9e]), "sniper_rifle-7-e"([0x602ff9f]), "sniper_rifle-e"([0x602ffa0]), "assault_carbine"([0x6008150]), "assault_carbine-e"([0x602fe68]), "assault_carbine-10"([0x602fe69]), "assault_carbine-10-e"([0x602fe6a]), "assault_carbine-20"([0x602fe6b]), "assault_carbine-20-e"([0x602ffa1]), "assault_carbine-30"([0x602ffa2]), "assault_carbine-30-e"([0x602fe6c]), "assault_carbine-50"([0x602fe6d]), "assault_carbine-50-e"([0x602fe83]), "riot_shotgun"([0x6008120]), "riot_shotgun-12"([0x602fe84]), "riot_shotgun-12-e"([0x602ffa3]), "riot_shotgun-e"([0x602ffa4]), "m1garand"([0x600818c]), "oldglory"([0x6008191]), "widowmaker"([0x600804e]), "widowmaker-sawn"([0x60300a8]), "fnfal"([0x6008154]), "fnfal-e"([0x60300a9]), "fnfal-10"([0x602fe78]), "fnfal-10-e"([0x602fe79]), "fnfal-20"([0x602fe7a]), "fnfal-20-e"([0x60300ad]), "maria-e"([0x60300af]), "maria"([0x60080ed]), "lucky"([0x600802b]), "paciencia"([0x60080af]), "executive"([0x60080e7]), "executive-e"([0x60300b0]), "executive-suppressed"([0x60300b1]), "executive-e-suppressed"([0x60300b2]), "gold_sniper"([0x6008166]), "gold_sniper-7"([0x60300b3]), "gold_sniper-7-e"([0x60300b4]), "gold_sniper-e"([0x6029b50]), "m29peace"([0x600801e]), "c96"([0x60080f7]), "c96-e"([0x60300b5]), "zhurong"([0x600804b]), "type93"([0x600815b]), "type93-e"([0x60300b6]), "type93-10"([0x60300b7]), "type93-10-e"([0x60300b8]), "type93-20"([0x60300b9]), "type93-20-e"([0x60300ba]), "type93-30"([0x60300bb]), "type93-30-e"([0x60300bc]), "type93-50"([0x60300bd]), "type93-50-e"([0x60300be]), "tribalbow"([0x60081b1]), "bb_gun"([0x6008076]), "las_musket"([0x6008079]), "coltwalker"([0x600801b]), "auto_pipe_rifle-24"([0x60300bf]), "auto_pipe_rifle-e"([0x60300c0]), "auto_pipe_rifle-24-e"([0x60300c1]), "auto_pipe_rifle"([0x6008148]), "1851enfield"([0x6008073]), "kar98"([0x60080b5]), "kar98-e"([0x60300c2]), "kar98scope"([0x60080b8]), "kar98scope-e"([0x60300c3]), "mg34"([0x6008189]), "mg34-e"([0x60300c4]), "mg34-60"([0x60300c5]), "pps-71"([0x60300c6]), "pps-e"([0x60300c7]), "pps"([0x6008140]), "mg34-60-e"([0x60300c8]), "pps-71-e"([0x60300c9]), "republics_pride"([0x6008194]), "ultraneedler"([0x6008034]), "judge"([0x600802e]), "beretta"([0x60080f2]), "beretta-e"([0x602a1ca]), "p90"([0x60081a0]), "p90-e"([0x602a469]), "p90-50"([0x60300ca]), "p90-50-e"([0x60300cb]), "sig"([0x6001549]), "sig-e"([0x6028f46]), "ultraneedle"([0x60080b2]), "m1carbine"([0x60081a3]), "m1carbine-e"([0x6029275]), "m1carbine-12"([0x60300cc]), "m1carbine-12-e"([0x60300cd]), "trenchgun-axe"([0x60080a2]), "mk23"([0x60080d4]), "mk23-e"([0x6028a04])
 - proc name: stack trace (/datum/proc/stack_trace)
 -   source file: unsorted.dm,1233
 -   usr: null
 -   src: loadout (/datum/asset/spritesheet/loadout)
 -   call stack:
 - loadout (/datum/asset/spritesheet/loadout): stack trace("Invalid icon state, icon=icons...")
 - loadout (/datum/asset/spritesheet/loadout): register()
 - loadout (/datum/asset/spritesheet/loadout): New()
 - get asset datum(/datum/asset/spritesheet/loado... (/datum/asset/spritesheet/loadout))
 - Assets (/datum/controller/subsystem/assets): Initialize(548063)
 - Master (/datum/controller/master): Initialize(10, 0)
 - 
[2021-05-24 15:13:38.565] Initialized Assets subsystem within 12.2 seconds!
[2021-05-24 15:13:47.999] Initialized Icon Smoothing subsystem within 9.2 seconds!
[2021-05-24 15:13:49.695] Initialized Overlay subsystem within 1.6 seconds!
[2021-05-24 15:13:49.696] Initialized XKeyScore subsystem within 0 seconds!
[2021-05-24 15:13:49.698] Initialized Sticky Ban subsystem within 0 seconds!
[2021-05-24 15:14:03.693] Initialized Lighting subsystem within 14 seconds!
[2021-05-24 15:14:08.033] Initialized Shuttle subsystem within 4.4 seconds!
[2021-05-24 15:14:08.035] Initialized Squeak subsystem within 0 seconds!
[2021-05-24 15:14:08.042] Initialized Pathfinder subsystem within 0 seconds!
[2021-05-24 15:14:10.141] Initialized Persistence subsystem within 2.1 seconds!
[2021-05-24 15:14:10.142] Initializations complete within 126.1 seconds!
[2021-05-24 15:18:33.842] Game start took 0.5s
